<?xml version="1.0" encoding="UTF-8"?>
<testsuite xmlns:xsi="http://www.w3.org/2001/XMLSchema-instance" xsi:noNamespaceSchemaLocation="https://maven.apache.org/surefire/maven-surefire-plugin/xsd/surefire-test-report.xsd" version="3.0.2" name="visa_holder_tracker.controller.AuthenticationControllerTest" time="7.159" tests="4" errors="0" skipped="0" failures="0">
  <properties>
[...]
</properties>
  <testcase name="login_validUserCredentials_returnsJwtToken" classname="visa_holder_tracker.controller.AuthenticationControllerTest" time="1.122">
    <system-out><![CDATA[22:03:21.875 [main] INFO org.springframework.test.context.support.AnnotationConfigContextLoaderUtils -- Could not detect default configuration classes for test class [visa_holder_tracker.controller.AuthenticationControllerTest]: AuthenticationControllerTest does not declare any static, non-private, non-final, nested classes annotated with @Configuration.
22:03:22.391 [main] INFO org.springframework.boot.test.context.SpringBootTestContextBootstrapper -- Found @SpringBootConfiguration visa_holder_tracker.VisaHolderTrackerApplication for test class visa_holder_tracker.controller.AuthenticationControllerTest
22:03:22.667 [main] INFO org.springframework.boot.devtools.restart.RestartApplicationListener -- Restart disabled due to context in which it is running

  .   ____          _            __ _ _
 /\\ / ___'_ __ _ _(_)_ __  __ _ \ \ \ \
( ( )\___ | '_ | '_| | '_ \/ _` | \ \ \ \
 \\/  ___)| |_)| | | | | || (_| |  ) ) ) )
  '  |____| .__|_| |_|_| |_\__, | / / / /
 =========|_|==============|___/=/_/_/_/

 :: Spring Boot ::                (v3.5.0)

2026-05-30T22:03:23.698+01:00  INFO 31516 --- [visa-holder-tracker] [           main] v.c.AuthenticationControllerTest         : Starting AuthenticationControllerTest using Java 17.0.12 with PID 31516 (started by newli1504893 in C:\Users\newli1504893\Documents\Development\workplace\Visa-Holder-Tracker\visa-holder-tracker)
2026-05-30T22:03:23.701+01:00  INFO 31516 --- [visa-holder-tracker] [           main] v.c.AuthenticationControllerTest         : No active profile set, falling back to 1 default profile: "default"
2026-05-30T22:03:25.600+01:00  INFO 31516 --- [visa-holder-tracker] [           main] eAuthenticationProviderManagerConfigurer : Global AuthenticationManager configured with AuthenticationProvider bean with name authenticationProvider
2026-05-30T22:03:25.601+01:00  WARN 31516 --- [visa-holder-tracker] [           main] r$InitializeUserDetailsManagerConfigurer : Global AuthenticationManager configured with an AuthenticationProvider bean. UserDetailsService beans will not be used by Spring Security for automatically configuring username/password login. Consider removing the AuthenticationProvider bean. Alternatively, consider using the UserDetailsService in a manually instantiated DaoAuthenticationProvider. If the current configuration is intentional, to turn off this warning, increase the logging level of 'org.springframework.security.config.annotation.authentication.configuration.InitializeUserDetailsBeanManagerConfigurer' to ERROR
2026-05-30T22:03:26.798+01:00  INFO 31516 --- [visa-holder-tracker] [           main] o.s.b.t.m.w.SpringBootMockServletContext : Initializing Spring TestDispatcherServlet ''
2026-05-30T22:03:26.800+01:00  INFO 31516 --- [visa-holder-tracker] [           main] o.s.t.web.servlet.TestDispatcherServlet  : Initializing Servlet ''
2026-05-30T22:03:26.801+01:00  INFO 31516 --- [visa-holder-tracker] [           main] o.s.t.web.servlet.TestDispatcherServlet  : Completed initialization in 1 ms
2026-05-30T22:03:26.851+01:00  INFO 31516 --- [visa-holder-tracker] [           main] v.c.AuthenticationControllerTest         : Started AuthenticationControllerTest in 4.228 seconds (process running for 11.229)
]]></system-out>
  </testcase>
  <testcase name="login_unknownUser_returnsUnauthorised" classname="visa_holder_tracker.controller.AuthenticationControllerTest" time="0.263"/>
  <testcase name="login_validAdminCredentials_returnsJwtToken" classname="visa_holder_tracker.controller.AuthenticationControllerTest" time="0.261"/>
  <testcase name="login_wrongPassword_returnsunauthorised" classname="visa_holder_tracker.controller.AuthenticationControllerTest" time="0.249"/>
</testsuite>