<?xml version="1.0" encoding="UTF-8"?>
<testsuite xmlns:xsi="http://www.w3.org/2001/XMLSchema-instance" xsi:noNamespaceSchemaLocation="https://maven.apache.org/surefire/maven-surefire-plugin/xsd/surefire-test-report.xsd" version="3.0.2" name="visa_holder_tracker.repository.MovementRepositoryTest" time="0.662" tests="2" errors="0" skipped="0" failures="0">
  <properties>
[...]
</properties>
  <testcase name="findByVisaHolderPassportNumber_returnsCorrectMovements" classname="visa_holder_tracker.repository.MovementRepositoryTest" time="0.037">
    <system-out><![CDATA[2026-05-30T22:03:48.110+01:00  INFO 31516 --- [visa-holder-tracker] [           main] t.c.s.AnnotationConfigContextLoaderUtils : Could not detect default configuration classes for test class [visa_holder_tracker.repository.MovementRepositoryTest]: MovementRepositoryTest does not declare any static, non-private, non-final, nested classes annotated with @Configuration.
2026-05-30T22:03:48.158+01:00  INFO 31516 --- [visa-holder-tracker] [           main] .b.t.c.SpringBootTestContextBootstrapper : Found @SpringBootConfiguration visa_holder_tracker.VisaHolderTrackerApplication for test class visa_holder_tracker.repository.MovementRepositoryTest
2026-05-30T22:03:48.161+01:00  INFO 31516 --- [visa-holder-tracker] [           main] o.s.b.d.r.RestartApplicationListener     : Restart disabled due to context in which it is running

  .   ____          _            __ _ _
 /\\ / ___'_ __ _ _(_)_ __  __ _ \ \ \ \
( ( )\___ | '_ | '_| | '_ \/ _` | \ \ \ \
 \\/  ___)| |_)| | | | | || (_| |  ) ) ) )
  '  |____| .__|_| |_|_| |_\__, | / / / /
 =========|_|==============|___/=/_/_/_/

 :: Spring Boot ::                (v3.5.0)

2026-05-30T22:03:48.192+01:00  INFO 31516 --- [visa-holder-tracker] [           main] v.repository.MovementRepositoryTest      : Starting MovementRepositoryTest using Java 17.0.12 with PID 31516 (started by newli1504893 in C:\Users\newli1504893\Documents\Development\workplace\Visa-Holder-Tracker\visa-holder-tracker)
2026-05-30T22:03:48.192+01:00  INFO 31516 --- [visa-holder-tracker] [           main] v.repository.MovementRepositoryTest      : No active profile set, falling back to 1 default profile: "default"
2026-05-30T22:03:48.432+01:00  INFO 31516 --- [visa-holder-tracker] [           main] .s.d.r.c.RepositoryConfigurationDelegate : Bootstrapping Spring Data JPA repositories in DEFAULT mode.
2026-05-30T22:03:48.479+01:00  INFO 31516 --- [visa-holder-tracker] [           main] .s.d.r.c.RepositoryConfigurationDelegate : Finished Spring Data repository scanning in 44 ms. Found 4 JPA repository interfaces.
2026-05-30T22:03:48.492+01:00  INFO 31516 --- [visa-holder-tracker] [           main] beddedDataSourceBeanFactoryPostProcessor : Replacing 'dataSource' DataSource bean with embedded version
2026-05-30T22:03:48.513+01:00  INFO 31516 --- [visa-holder-tracker] [           main] o.s.j.d.e.EmbeddedDatabaseFactory        : Starting embedded database: url='jdbc:h2:mem:dad89e2a-147f-44ec-967c-27f0842e20ed;DB_CLOSE_DELAY=-1;DB_CLOSE_ON_EXIT=false', username='sa'
2026-05-30T22:03:48.549+01:00  INFO 31516 --- [visa-holder-tracker] [           main] o.hibernate.jpa.internal.util.LogHelper  : HHH000204: Processing PersistenceUnitInfo [name: default]
2026-05-30T22:03:48.553+01:00  INFO 31516 --- [visa-holder-tracker] [           main] o.h.c.internal.RegionFactoryInitiator    : HHH000026: Second-level cache disabled
2026-05-30T22:03:48.576+01:00  INFO 31516 --- [visa-holder-tracker] [           main] o.s.o.j.p.SpringPersistenceUnitInfo      : No LoadTimeWeaver setup: ignoring JPA class transformer
2026-05-30T22:03:48.580+01:00  INFO 31516 --- [visa-holder-tracker] [           main] org.hibernate.orm.connections.pooling    : HHH10001005: Database info:
	Database JDBC URL [Connecting through datasource 'org.springframework.jdbc.datasource.embedded.EmbeddedDatabaseFactory$EmbeddedDataSourceProxy@62879104']
	Database driver: undefined/unknown
	Database version: 2.3.232
	Autocommit mode: undefined/unknown
	Isolation level: undefined/unknown
	Minimum pool size: undefined/unknown
	Maximum pool size: undefined/unknown
2026-05-30T22:03:48.661+01:00  INFO 31516 --- [visa-holder-tracker] [           main] o.h.e.t.j.p.i.JtaPlatformInitiator       : HHH000489: No JTA platform available (set 'hibernate.transaction.jta.platform' to enable JTA platform integration)
Hibernate: drop table if exists admins cascade 
Hibernate: drop table if exists movement cascade 
Hibernate: drop table if exists users cascade 
Hibernate: drop table if exists visa_holders cascade 
Hibernate: create table admins (id bigint generated by default as identity, email varchar(255) not null unique, full_name varchar(255) not null unique, password_hash varchar(255) not null, role enum ('ADMIN','USER') not null, primary key (id))
Hibernate: create table movement (entry_date timestamp(6), exit_date timestamp(6), id bigint generated by default as identity, passport_number varchar(255) not null, primary key (id))
Hibernate: create table users (email varchar(255) not null unique, full_name varchar(255) not null unique, passport_number varchar(255) not null, password_hash varchar(255) not null, role enum ('ADMIN','USER') not null, primary key (passport_number))
Hibernate: create table visa_holders (entry_date timestamp(6) not null, expiry_date timestamp(6) not null, full_name varchar(255) not null, nationality varchar(255) not null, passport_number varchar(255) not null, visa_type varchar(255) not null, status enum ('ACTIVE','EXPIRED') not null, primary key (passport_number))
Hibernate: alter table if exists movement add constraint FKoq9lbkgr8o1doys257g31w2ab foreign key (passport_number) references visa_holders
2026-05-30T22:03:48.667+01:00  INFO 31516 --- [visa-holder-tracker] [           main] j.LocalContainerEntityManagerFactoryBean : Initialized JPA EntityManagerFactory for persistence unit 'default'
2026-05-30T22:03:48.723+01:00  INFO 31516 --- [visa-holder-tracker] [           main] v.repository.MovementRepositoryTest      : Started MovementRepositoryTest in 0.562 seconds (process running for 33.101)
Hibernate: select vh1_0.passport_number,vh1_0.entry_date,vh1_0.expiry_date,vh1_0.full_name,vh1_0.nationality,vh1_0.status,vh1_0.visa_type from visa_holders vh1_0 where vh1_0.passport_number=?
Hibernate: insert into visa_holders (entry_date,expiry_date,full_name,nationality,status,visa_type,passport_number) values (?,?,?,?,?,?,?)
Hibernate: select null,vh1_0.entry_date,vh1_0.expiry_date,vh1_0.full_name,vh1_0.nationality,vh1_0.status,vh1_0.visa_type from visa_holders vh1_0 where vh1_0.passport_number=?
Hibernate: insert into movement (entry_date,exit_date,passport_number,id) values (?,?,?,default)
Hibernate: insert into movement (entry_date,exit_date,passport_number,id) values (?,?,?,default)
Hibernate: select m1_0.id,m1_0.entry_date,m1_0.exit_date,m1_0.passport_number from movement m1_0 left join visa_holders vh1_0 on vh1_0.passport_number=m1_0.passport_number where vh1_0.passport_number=?
]]></system-out>
  </testcase>
  <testcase name="findByVisaHolderPassportNumber_wrongPassport_returnsEmpty" classname="visa_holder_tracker.repository.MovementRepositoryTest" time="0.006">
    <system-out><![CDATA[Hibernate: select m1_0.id,m1_0.entry_date,m1_0.exit_date,m1_0.passport_number from movement m1_0 left join visa_holders vh1_0 on vh1_0.passport_number=m1_0.passport_number where vh1_0.passport_number=?
]]></system-out>
  </testcase>
</testsuite>